<?xml version="1.0" encoding="UTF-8"?>
<!-- Generated by org.testng.reporters.JUnitXMLReporter -->
<testsuite ignored="0" hostname="U-DD2X5T3" failures="1" tests="2" name="SwipeTest" time="52.289" errors="0" timestamp="2023-07-03T15:58:41 IST">
  <testcase classname="rb.suite.SwipeActionsSuite" name="testSwipeGestures" time="20.748"/>
  <testcase classname="rb.suite.RatingBarSuite" name="f" time="5.085">
    <failure type="org.openqa.selenium.NoSuchElementException" message="An element could not be located on the page using the given search parameters.
For documentation on this error, please visit: https://www.selenium.dev/documentation/webdriver/troubleshooting/errors#no-such-element-exception
Build info: version: &amp;apos;4.10.0&amp;apos;, revision: &amp;apos;c14d967899&amp;apos;
System info: os.name: &amp;apos;Windows 11&amp;apos;, os.arch: &amp;apos;amd64&amp;apos;, os.version: &amp;apos;10.0&amp;apos;, java.version: &amp;apos;17.0.7&amp;apos;
Driver info: io.appium.java_client.android.AndroidDriver
Command: [01e80545-6e85-4f0f-824f-0aa25e3f2954, findElement {using=id, value=android:id/button1}]
Capabilities {appium:appActivity: com.hmh.api.ApiDemos, appium:appPackage: com.hmh.api, appium:automationName: Appium, appium:databaseEnabled: false, appium:desired: {appActivity: com.hmh.api.ApiDemos, appPackage: com.hmh.api, automationName: Appium, deviceName: ce2b5d44, platformName: ANDROID, platformVersion: 12}, appium:deviceApiLevel: 31, appium:deviceManufacturer: Xiaomi, appium:deviceModel: Redmi Note 9 Pro Max, appium:deviceName: ce2b5d44, appium:deviceScreenDensity: 440, appium:deviceScreenSize: 1080x2400, appium:deviceUDID: ce2b5d44, appium:javascriptEnabled: true, appium:locationContextEnabled: false, appium:networkConnectionEnabled: true, appium:pixelRatio: 2.75, appium:platformVersion: 12, appium:statBarHeight: 102, appium:takesScreenshot: true, appium:viewportRect: {height: 2152, left: 0, top: 102, width: 1080}, appium:warnings: {}, appium:webStorageEnabled: false, platformName: ANDROID}
Session ID: 01e80545-6e85-4f0f-824f-0aa25e3f2954">
      <![CDATA[org.openqa.selenium.NoSuchElementException: An element could not be located on the page using the given search parameters.
For documentation on this error, please visit: https://www.selenium.dev/documentation/webdriver/troubleshooting/errors#no-such-element-exception
Build info: version: '4.10.0', revision: 'c14d967899'
System info: os.name: 'Windows 11', os.arch: 'amd64', os.version: '10.0', java.version: '17.0.7'
Driver info: io.appium.java_client.android.AndroidDriver
Command: [01e80545-6e85-4f0f-824f-0aa25e3f2954, findElement {using=id, value=android:id/button1}]
Capabilities {appium:appActivity: com.hmh.api.ApiDemos, appium:appPackage: com.hmh.api, appium:automationName: Appium, appium:databaseEnabled: false, appium:desired: {appActivity: com.hmh.api.ApiDemos, appPackage: com.hmh.api, automationName: Appium, deviceName: ce2b5d44, platformName: ANDROID, platformVersion: 12}, appium:deviceApiLevel: 31, appium:deviceManufacturer: Xiaomi, appium:deviceModel: Redmi Note 9 Pro Max, appium:deviceName: ce2b5d44, appium:deviceScreenDensity: 440, appium:deviceScreenSize: 1080x2400, appium:deviceUDID: ce2b5d44, appium:javascriptEnabled: true, appium:locationContextEnabled: false, appium:networkConnectionEnabled: true, appium:pixelRatio: 2.75, appium:platformVersion: 12, appium:statBarHeight: 102, appium:takesScreenshot: true, appium:viewportRect: {height: 2152, left: 0, top: 102, width: 1080}, appium:warnings: {}, appium:webStorageEnabled: false, platformName: ANDROID}
Session ID: 01e80545-6e85-4f0f-824f-0aa25e3f2954
at org.openqa.selenium.remote.codec.w3c.W3CHttpResponseCodec.createException(W3CHttpResponseCodec.java:199)
at org.openqa.selenium.remote.codec.w3c.W3CHttpResponseCodec.decode(W3CHttpResponseCodec.java:132)
at org.openqa.selenium.remote.codec.w3c.W3CHttpResponseCodec.decode(W3CHttpResponseCodec.java:51)
at org.openqa.selenium.remote.HttpCommandExecutor.execute(HttpCommandExecutor.java:191)
at io.appium.java_client.remote.AppiumCommandExecutor.execute(AppiumCommandExecutor.java:250)
at org.openqa.selenium.remote.RemoteWebDriver.execute(RemoteWebDriver.java:531)
at org.openqa.selenium.remote.ElementLocation$ElementFinder$2.findElement(ElementLocation.java:165)
at org.openqa.selenium.remote.ElementLocation.findElement(ElementLocation.java:59)
at org.openqa.selenium.remote.RemoteWebDriver.findElement(RemoteWebDriver.java:350)
at org.openqa.selenium.remote.RemoteWebDriver.findElement(RemoteWebDriver.java:344)
at org.openqa.selenium.support.pagefactory.DefaultElementLocator.findElement(DefaultElementLocator.java:68)
at org.openqa.selenium.support.pagefactory.internal.LocatingElementHandler.invoke(LocatingElementHandler.java:38)
at jdk.proxy2/jdk.proxy2.$Proxy17.click(Unknown Source)
at rb.page.RatingStarPage.giveRatingStars(RatingStarPage.java:31)
at rb.suite.RatingBarSuite.f(RatingBarSuite.java:28)
at java.base/java.util.ArrayList.forEach(ArrayList.java:1511)
... Removed 32 stack frames]]>
    </failure>
  </testcase> <!-- f -->
</testsuite> <!-- SwipeTest -->
