<?xml version="1.0" encoding="UTF-8"?>
<testng-results ignored="0" total="1" passed="1" failed="0" skipped="0">
  <reporter-output>
  </reporter-output>
  <suite started-at="2023-07-04T13:12:57 IST" name="Default suite" finished-at="2023-07-04T13:13:39 IST" duration-ms="41742">
    <groups>
    </groups>
    <test started-at="2023-07-04T13:12:57 IST" name="Default test" finished-at="2023-07-04T13:13:39 IST" duration-ms="41742">
      <class name="rb.suite.RatingBarSuite">
        <test-method is-config="true" signature="beforeSuite()[pri:0, instance:rb.suite.RatingBarSuite@1807e3f6]" started-at="2023-07-04T13:12:57 IST" name="beforeSuite" finished-at="2023-07-04T13:12:57 IST" duration-ms="10" status="PASS">
          <reporter-output>
          </reporter-output>
        </test-method> <!-- beforeSuite -->
        <test-method is-config="true" signature="beforeMethod()[pri:0, instance:rb.suite.RatingBarSuite@1807e3f6]" started-at="2023-07-04T13:12:57 IST" name="beforeMethod" finished-at="2023-07-04T13:13:20 IST" duration-ms="23266" status="PASS">
          <reporter-output>
          </reporter-output>
        </test-method> <!-- beforeMethod -->
        <test-method signature="f()[pri:0, instance:rb.suite.RatingBarSuite@1807e3f6]" started-at="2023-07-04T13:13:20 IST" name="f" finished-at="2023-07-04T13:13:34 IST" duration-ms="14014" status="PASS">
          <reporter-output>
          </reporter-output>
        </test-method> <!-- f -->
        <test-method is-config="true" signature="afterMethod()[pri:0, instance:rb.suite.RatingBarSuite@1807e3f6]" started-at="2023-07-04T13:13:34 IST" name="afterMethod" finished-at="2023-07-04T13:13:39 IST" duration-ms="4429" status="PASS">
          <reporter-output>
          </reporter-output>
        </test-method> <!-- afterMethod -->
        <test-method is-config="true" signature="afterSuite()[pri:0, instance:rb.suite.RatingBarSuite@1807e3f6]" started-at="2023-07-04T13:13:39 IST" name="afterSuite" finished-at="2023-07-04T13:13:39 IST" duration-ms="0" status="PASS">
          <reporter-output>
          </reporter-output>
        </test-method> <!-- afterSuite -->
      </class> <!-- rb.suite.RatingBarSuite -->
    </test> <!-- Default test -->
  </suite> <!-- Default suite -->
</testng-results>
